# JRE version: Java(TM) SE Runtime Environment (8.0_271-b09) (build 1.8.0_271-b09)
# Java VM: Java HotSpot(TM) 64-Bit Server VM (25.271-b09 mixed mode windows-amd64 compressed oops)
Heap:
 PSYoungGen      total 165376K, used 16780K [0x00000000d5f80000, 0x00000000e1300000, 0x0000000100000000)
  eden space 151552K, 11% used [0x00000000d5f80000,0x00000000d6fe3370,0x00000000df380000)
  from space 13824K, 0% used [0x00000000e0580000,0x00000000e0580000,0x00000000e1300000)
  to   space 15872K, 0% used [0x00000000df400000,0x00000000df400000,0x00000000e0380000)
 ParOldGen       total 98304K, used 24324K [0x0000000081e00000, 0x0000000087e00000, 0x00000000d5f80000)
  object space 98304K, 24% used [0x0000000081e00000,0x00000000835c1210,0x0000000087e00000)
 Metaspace       used 57286K, capacity 60145K, committed 60376K, reserved 1101824K
  class space    used 7864K, capacity 8349K, committed 8448K, reserved 1048576K
GC Heap History (10 events):
Event: 4.665 GC heap before
{Heap before GC invocations=9 (full 1):
 PSYoungGen      total 139264K, used 58350K [0x00000000d5f80000, 0x00000000dfc00000, 0x0000000100000000)
  eden space 130560K, 38% used [0x00000000d5f80000,0x00000000d9000f60,0x00000000ddf00000)
  from space 8704K, 99% used [0x00000000ddf00000,0x00000000de77aba0,0x00000000de780000)
  to   space 9728K, 0% used [0x00000000df280000,0x00000000df280000,0x00000000dfc00000)
 ParOldGen       total 60416K, used 7390K [0x0000000081e00000, 0x0000000085900000, 0x00000000d5f80000)
  object space 60416K, 12% used [0x0000000081e00000,0x00000000825379a8,0x0000000085900000)
 Metaspace       used 33381K, capacity 35364K, committed 35416K, reserved 1079296K
  class space    used 4350K, capacity 4726K, committed 4736K, reserved 1048576K
Event: 4.678 GC heap after
Heap after GC invocations=9 (full 1):
 PSYoungGen      total 140288K, used 9361K [0x00000000d5f80000, 0x00000000dfc00000, 0x0000000100000000)
  eden space 130560K, 0% used [0x00000000d5f80000,0x00000000d5f80000,0x00000000ddf00000)
  from space 9728K, 96% used [0x00000000df280000,0x00000000dfba47b0,0x00000000dfc00000)
  to   space 8704K, 0% used [0x00000000ddf00000,0x00000000ddf00000,0x00000000de780000)
 ParOldGen       total 60416K, used 7398K [0x0000000081e00000, 0x0000000085900000, 0x00000000d5f80000)
  object space 60416K, 12% used [0x0000000081e00000,0x00000000825399a8,0x0000000085900000)
 Metaspace       used 33381K, capacity 35364K, committed 35416K, reserved 1079296K
  class space    used 4350K, capacity 4726K, committed 4736K, reserved 1048576K
}
Event: 4.678 GC heap before
{Heap before GC invocations=10 (full 2):
 PSYoungGen      total 140288K, used 9361K [0x00000000d5f80000, 0x00000000dfc00000, 0x0000000100000000)
  eden space 130560K, 0% used [0x00000000d5f80000,0x00000000d5f80000,0x00000000ddf00000)
  from space 9728K, 96% used [0x00000000df280000,0x00000000dfba47b0,0x00000000dfc00000)
  to   space 8704K, 0% used [0x00000000ddf00000,0x00000000ddf00000,0x00000000de780000)
 ParOldGen       total 60416K, used 7398K [0x0000000081e00000, 0x0000000085900000, 0x00000000d5f80000)
  object space 60416K, 12% used [0x0000000081e00000,0x00000000825399a8,0x0000000085900000)
 Metaspace       used 33381K, capacity 35364K, committed 35416K, reserved 1079296K
  class space    used 4350K, capacity 4726K, committed 4736K, reserved 1048576K
Event: 4.766 GC heap after
Heap after GC invocations=10 (full 2):
 PSYoungGen      total 140288K, used 0K [0x00000000d5f80000, 0x00000000dfc00000, 0x0000000100000000)
  eden space 130560K, 0% used [0x00000000d5f80000,0x00000000d5f80000,0x00000000ddf00000)
  from space 9728K, 0% used [0x00000000df280000,0x00000000df280000,0x00000000dfc00000)
  to   space 8704K, 0% used [0x00000000ddf00000,0x00000000ddf00000,0x00000000de780000)
 ParOldGen       total 98304K, used 13975K [0x0000000081e00000, 0x0000000087e00000, 0x00000000d5f80000)
  object space 98304K, 14% used [0x0000000081e00000,0x0000000082ba5c28,0x0000000087e00000)
 Metaspace       used 33381K, capacity 35364K, committed 35416K, reserved 1079296K
  class space    used 4350K, capacity 4726K, committed 4736K, reserved 1048576K
}
Event: 25.879 GC heap before
{Heap before GC invocations=11 (full 2):
 PSYoungGen      total 140288K, used 130560K [0x00000000d5f80000, 0x00000000dfc00000, 0x0000000100000000)
  eden space 130560K, 100% used [0x00000000d5f80000,0x00000000ddf00000,0x00000000ddf00000)
  from space 9728K, 0% used [0x00000000df280000,0x00000000df280000,0x00000000dfc00000)
  to   space 8704K, 0% used [0x00000000ddf00000,0x00000000ddf00000,0x00000000de780000)
 ParOldGen       total 98304K, used 13975K [0x0000000081e00000, 0x0000000087e00000, 0x00000000d5f80000)
  object space 98304K, 14% used [0x0000000081e00000,0x0000000082ba5c28,0x0000000087e00000)
 Metaspace       used 48974K, capacity 51184K, committed 51544K, reserved 1093632K
  class space    used 6554K, capacity 6976K, committed 7040K, reserved 1048576K
Event: 25.892 GC heap after
Heap after GC invocations=11 (full 2):
 PSYoungGen      total 139264K, used 8702K [0x00000000d5f80000, 0x00000000e1380000, 0x0000000100000000)
  eden space 130560K, 0% used [0x00000000d5f80000,0x00000000d5f80000,0x00000000ddf00000)
  from space 8704K, 99% used [0x00000000ddf00000,0x00000000de77f948,0x00000000de780000)
  to   space 14336K, 0% used [0x00000000e0580000,0x00000000e0580000,0x00000000e1380000)
 ParOldGen       total 98304K, used 21538K [0x0000000081e00000, 0x0000000087e00000, 0x00000000d5f80000)
  object space 98304K, 21% used [0x0000000081e00000,0x0000000083308bb8,0x0000000087e00000)
 Metaspace       used 48974K, capacity 51184K, committed 51544K, reserved 1093632K
  class space    used 6554K, capacity 6976K, committed 7040K, reserved 1048576K
}
Event: 44.984 GC heap before
{Heap before GC invocations=12 (full 2):
 PSYoungGen      total 139264K, used 101261K [0x00000000d5f80000, 0x00000000e1380000, 0x0000000100000000)
  eden space 130560K, 70% used [0x00000000d5f80000,0x00000000db9e3d40,0x00000000ddf00000)
  from space 8704K, 99% used [0x00000000ddf00000,0x00000000de77f948,0x00000000de780000)
  to   space 14336K, 0% used [0x00000000e0580000,0x00000000e0580000,0x00000000e1380000)
 ParOldGen       total 98304K, used 21538K [0x0000000081e00000, 0x0000000087e00000, 0x00000000d5f80000)
  object space 98304K, 21% used [0x0000000081e00000,0x0000000083308bb8,0x0000000087e00000)
 Metaspace       used 56326K, capacity 58997K, committed 59028K, reserved 1099776K
  class space    used 7687K, capacity 8161K, committed 8192K, reserved 1048576K
Event: 45.002 GC heap after
Heap after GC invocations=12 (full 2):
 PSYoungGen      total 165376K, used 13321K [0x00000000d5f80000, 0x00000000e1300000, 0x0000000100000000)
  eden space 151552K, 0% used [0x00000000d5f80000,0x00000000d5f80000,0x00000000df380000)
  from space 13824K, 96% used [0x00000000e0580000,0x00000000e12824a8,0x00000000e1300000)
  to   space 15872K, 0% used [0x00000000df400000,0x00000000df400000,0x00000000e0380000)
 ParOldGen       total 98304K, used 21546K [0x0000000081e00000, 0x0000000087e00000, 0x00000000d5f80000)
  object space 98304K, 21% used [0x0000000081e00000,0x000000008330abb8,0x0000000087e00000)
 Metaspace       used 56326K, capacity 58997K, committed 59028K, reserved 1099776K
  class space    used 7687K, capacity 8161K, committed 8192K, reserved 1048576K
}
Event: 45.002 GC heap before
{Heap before GC invocations=13 (full 3):
 PSYoungGen      total 165376K, used 13321K [0x00000000d5f80000, 0x00000000e1300000, 0x0000000100000000)
  eden space 151552K, 0% used [0x00000000d5f80000,0x00000000d5f80000,0x00000000df380000)
  from space 13824K, 96% used [0x00000000e0580000,0x00000000e12824a8,0x00000000e1300000)
  to   space 15872K, 0% used [0x00000000df400000,0x00000000df400000,0x00000000e0380000)
 ParOldGen       total 98304K, used 21546K [0x0000000081e00000, 0x0000000087e00000, 0x00000000d5f80000)
  object space 98304K, 21% used [0x0000000081e00000,0x000000008330abb8,0x0000000087e00000)
 Metaspace       used 56326K, capacity 58997K, committed 59028K, reserved 1099776K
  class space    used 7687K, capacity 8161K, committed 8192K, reserved 1048576K
Event: 45.279 GC heap after
Heap after GC invocations=13 (full 3):
 PSYoungGen      total 165376K, used 0K [0x00000000d5f80000, 0x00000000e1300000, 0x0000000100000000)
  eden space 151552K, 0% used [0x00000000d5f80000,0x00000000d5f80000,0x00000000df380000)
  from space 13824K, 0% used [0x00000000e0580000,0x00000000e0580000,0x00000000e1300000)
  to   space 15872K, 0% used [0x00000000df400000,0x00000000df400000,0x00000000e0380000)
 ParOldGen       total 98304K, used 24324K [0x0000000081e00000, 0x0000000087e00000, 0x00000000d5f80000)
  object space 98304K, 24% used [0x0000000081e00000,0x00000000835c1210,0x0000000087e00000)
 Metaspace       used 56326K, capacity 58997K, committed 59028K, reserved 1099776K
  class space    used 7687K, capacity 8161K, committed 8192K, reserved 1048576K
}

