# JRE version: Java(TM) SE Runtime Environment (8.0_271-b09) (build 1.8.0_271-b09)
# Java VM: Java HotSpot(TM) 64-Bit Server VM (25.271-b09 mixed mode windows-amd64 compressed oops)
Heap:
 PSYoungGen      total 140800K, used 7095K [0x00000000d5f80000, 0x00000000e0e80000, 0x0000000100000000)
  eden space 131072K, 5% used [0x00000000d5f80000,0x00000000d666dc28,0x00000000ddf80000)
  from space 9728K, 0% used [0x00000000e0500000,0x00000000e0500000,0x00000000e0e80000)
  to   space 8704K, 0% used [0x00000000ddf80000,0x00000000ddf80000,0x00000000de800000)
 ParOldGen       total 57344K, used 13709K [0x0000000081e00000, 0x0000000085600000, 0x00000000d5f80000)
  object space 57344K, 23% used [0x0000000081e00000,0x0000000082b63578,0x0000000085600000)
 Metaspace       used 33880K, capacity 35956K, committed 36056K, reserved 1081344K
  class space    used 4441K, capacity 4822K, committed 4864K, reserved 1048576K
GC Heap History (10 events):
Event: 3.895 GC heap before
{Heap before GC invocations=6 (full 1):
 PSYoungGen      total 71680K, used 5103K [0x00000000d5f80000, 0x00000000df380000, 0x0000000100000000)
  eden space 66560K, 0% used [0x00000000d5f80000,0x00000000d5f80000,0x00000000da080000)
  from space 5120K, 99% used [0x00000000da080000,0x00000000da57bc28,0x00000000da580000)
  to   space 9216K, 0% used [0x00000000dea80000,0x00000000dea80000,0x00000000df380000)
 ParOldGen       total 87552K, used 6040K [0x0000000081e00000, 0x0000000087380000, 0x00000000d5f80000)
  object space 87552K, 6% used [0x0000000081e00000,0x00000000823e6148,0x0000000087380000)
 Metaspace       used 20307K, capacity 21176K, committed 21248K, reserved 1067008K
  class space    used 2532K, capacity 2744K, committed 2816K, reserved 1048576K
Event: 3.939 GC heap after
Heap after GC invocations=6 (full 1):
 PSYoungGen      total 71680K, used 0K [0x00000000d5f80000, 0x00000000df380000, 0x0000000100000000)
  eden space 66560K, 0% used [0x00000000d5f80000,0x00000000d5f80000,0x00000000da080000)
  from space 5120K, 0% used [0x00000000da080000,0x00000000da080000,0x00000000da580000)
  to   space 9216K, 0% used [0x00000000dea80000,0x00000000dea80000,0x00000000df380000)
 ParOldGen       total 57344K, used 6769K [0x0000000081e00000, 0x0000000085600000, 0x00000000d5f80000)
  object space 57344K, 11% used [0x0000000081e00000,0x000000008249c4d8,0x0000000085600000)
 Metaspace       used 20307K, capacity 21176K, committed 21248K, reserved 1067008K
  class space    used 2532K, capacity 2744K, committed 2816K, reserved 1048576K
}
Event: 4.825 GC heap before
{Heap before GC invocations=7 (full 1):
 PSYoungGen      total 71680K, used 66560K [0x00000000d5f80000, 0x00000000df380000, 0x0000000100000000)
  eden space 66560K, 100% used [0x00000000d5f80000,0x00000000da080000,0x00000000da080000)
  from space 5120K, 0% used [0x00000000da080000,0x00000000da080000,0x00000000da580000)
  to   space 9216K, 0% used [0x00000000dea80000,0x00000000dea80000,0x00000000df380000)
 ParOldGen       total 57344K, used 6769K [0x0000000081e00000, 0x0000000085600000, 0x00000000d5f80000)
  object space 57344K, 11% used [0x0000000081e00000,0x000000008249c4d8,0x0000000085600000)
 Metaspace       used 23758K, capacity 25072K, committed 25344K, reserved 1071104K
  class space    used 3021K, capacity 3292K, committed 3328K, reserved 1048576K
Event: 4.832 GC heap after
Heap after GC invocations=7 (full 1):
 PSYoungGen      total 110080K, used 5813K [0x00000000d5f80000, 0x00000000df080000, 0x0000000100000000)
  eden space 103936K, 0% used [0x00000000d5f80000,0x00000000d5f80000,0x00000000dc500000)
  from space 6144K, 94% used [0x00000000dea80000,0x00000000df02d5d8,0x00000000df080000)
  to   space 8704K, 0% used [0x00000000ddf80000,0x00000000ddf80000,0x00000000de800000)
 ParOldGen       total 57344K, used 6777K [0x0000000081e00000, 0x0000000085600000, 0x00000000d5f80000)
  object space 57344K, 11% used [0x0000000081e00000,0x000000008249e4d8,0x0000000085600000)
 Metaspace       used 23758K, capacity 25072K, committed 25344K, reserved 1071104K
  class space    used 3021K, capacity 3292K, committed 3328K, reserved 1048576K
}
Event: 6.275 GC heap before
{Heap before GC invocations=8 (full 1):
 PSYoungGen      total 110080K, used 109749K [0x00000000d5f80000, 0x00000000df080000, 0x0000000100000000)
  eden space 103936K, 100% used [0x00000000d5f80000,0x00000000dc500000,0x00000000dc500000)
  from space 6144K, 94% used [0x00000000dea80000,0x00000000df02d5d8,0x00000000df080000)
  to   space 8704K, 0% used [0x00000000ddf80000,0x00000000ddf80000,0x00000000de800000)
 ParOldGen       total 57344K, used 6777K [0x0000000081e00000, 0x0000000085600000, 0x00000000d5f80000)
  object space 57344K, 11% used [0x0000000081e00000,0x000000008249e4d8,0x0000000085600000)
 Metaspace       used 29434K, capacity 31354K, committed 31616K, reserved 1077248K
  class space    used 3794K, capacity 4139K, committed 4224K, reserved 1048576K
Event: 6.287 GC heap after
Heap after GC invocations=8 (full 1):
 PSYoungGen      total 139776K, used 8692K [0x00000000d5f80000, 0x00000000e0e80000, 0x0000000100000000)
  eden space 131072K, 0% used [0x00000000d5f80000,0x00000000d5f80000,0x00000000ddf80000)
  from space 8704K, 99% used [0x00000000ddf80000,0x00000000de7fd088,0x00000000de800000)
  to   space 9728K, 0% used [0x00000000e0500000,0x00000000e0500000,0x00000000e0e80000)
 ParOldGen       total 57344K, used 7318K [0x0000000081e00000, 0x0000000085600000, 0x00000000d5f80000)
  object space 57344K, 12% used [0x0000000081e00000,0x0000000082525b20,0x0000000085600000)
 Metaspace       used 29434K, capacity 31354K, committed 31616K, reserved 1077248K
  class space    used 3794K, capacity 4139K, committed 4224K, reserved 1048576K
}
Event: 6.997 GC heap before
{Heap before GC invocations=9 (full 1):
 PSYoungGen      total 139776K, used 47504K [0x00000000d5f80000, 0x00000000e0e80000, 0x0000000100000000)
  eden space 131072K, 29% used [0x00000000d5f80000,0x00000000d8567360,0x00000000ddf80000)
  from space 8704K, 99% used [0x00000000ddf80000,0x00000000de7fd088,0x00000000de800000)
  to   space 9728K, 0% used [0x00000000e0500000,0x00000000e0500000,0x00000000e0e80000)
 ParOldGen       total 57344K, used 7318K [0x0000000081e00000, 0x0000000085600000, 0x00000000d5f80000)
  object space 57344K, 12% used [0x0000000081e00000,0x0000000082525b20,0x0000000085600000)
 Metaspace       used 33321K, capacity 35316K, committed 35416K, reserved 1079296K
  class space    used 4332K, capacity 4694K, committed 4736K, reserved 1048576K
Event: 7.008 GC heap after
Heap after GC invocations=9 (full 1):
 PSYoungGen      total 140800K, used 9097K [0x00000000d5f80000, 0x00000000e0e80000, 0x0000000100000000)
  eden space 131072K, 0% used [0x00000000d5f80000,0x00000000d5f80000,0x00000000ddf80000)
  from space 9728K, 93% used [0x00000000e0500000,0x00000000e0de2788,0x00000000e0e80000)
  to   space 8704K, 0% used [0x00000000ddf80000,0x00000000ddf80000,0x00000000de800000)
 ParOldGen       total 57344K, used 7326K [0x0000000081e00000, 0x0000000085600000, 0x00000000d5f80000)
  object space 57344K, 12% used [0x0000000081e00000,0x0000000082527b20,0x0000000085600000)
 Metaspace       used 33321K, capacity 35316K, committed 35416K, reserved 1079296K
  class space    used 4332K, capacity 4694K, committed 4736K, reserved 1048576K
}
Event: 7.008 GC heap before
{Heap before GC invocations=10 (full 2):
 PSYoungGen      total 140800K, used 9097K [0x00000000d5f80000, 0x00000000e0e80000, 0x0000000100000000)
  eden space 131072K, 0% used [0x00000000d5f80000,0x00000000d5f80000,0x00000000ddf80000)
  from space 9728K, 93% used [0x00000000e0500000,0x00000000e0de2788,0x00000000e0e80000)
  to   space 8704K, 0% used [0x00000000ddf80000,0x00000000ddf80000,0x00000000de800000)
 ParOldGen       total 57344K, used 7326K [0x0000000081e00000, 0x0000000085600000, 0x00000000d5f80000)
  object space 57344K, 12% used [0x0000000081e00000,0x0000000082527b20,0x0000000085600000)
 Metaspace       used 33321K, capacity 35316K, committed 35416K, reserved 1079296K
  class space    used 4332K, capacity 4694K, committed 4736K, reserved 1048576K
Event: 7.095 GC heap after
Heap after GC invocations=10 (full 2):
 PSYoungGen      total 140800K, used 0K [0x00000000d5f80000, 0x00000000e0e80000, 0x0000000100000000)
  eden space 131072K, 0% used [0x00000000d5f80000,0x00000000d5f80000,0x00000000ddf80000)
  from space 9728K, 0% used [0x00000000e0500000,0x00000000e0500000,0x00000000e0e80000)
  to   space 8704K, 0% used [0x00000000ddf80000,0x00000000ddf80000,0x00000000de800000)
 ParOldGen       total 57344K, used 13709K [0x0000000081e00000, 0x0000000085600000, 0x00000000d5f80000)
  object space 57344K, 23% used [0x0000000081e00000,0x0000000082b63578,0x0000000085600000)
 Metaspace       used 33321K, capacity 35316K, committed 35416K, reserved 1079296K
  class space    used 4332K, capacity 4694K, committed 4736K, reserved 1048576K
}

